C51 COMPILER V9.55   REG_RW                                                                05/08/2018 07:03:49 PAGE 1   


C51 COMPILER V9.55, COMPILATION OF MODULE REG_RW
OBJECT MODULE PLACED IN ..\obj\Reg_RW.obj
COMPILER INVOKED BY: C:\Keil_v5\C51\BIN\C51.EXE ..\code\Reg_RW.c OPTIMIZE(8,SPEED) BROWSE INCDIR(..\code;..\user) DEBUG 
                    -OBJECTEXTEND PRINT(.\Reg_RW.lst) TABS(2) OBJECT(..\obj\Reg_RW.obj)

line level    source

   1          /***************************飞音云电子****************************
   2          **  工程名称：YS-V0.7语音识别模块驱动程序
   3          **  CPU: STC11L08XE
   4          **  晶振：22.1184MHZ
   5          **  波特率：9600 bit/S
   6          **  配套产品信息：YS-V0.7语音识别开发板
   7          **                http://yuesheng001.taobao.com
   8          **  作者：zdings
   9          **  联系：751956552@qq.com
  10          **  修改日期：2013.9.13
  11          **  说明：口令模式： 即每次识别时都需要说“小杰”这个口令 ，才能够进行下一级的识别
  12          /***************************飞音云电子******************************/
  13          #include "config.h"
  14          
  15              #define LD_INDEX_PORT   (*((volatile unsigned char xdata*)(0x8100))) 
  16              #define LD_DATA_PORT    (*((volatile unsigned char xdata*)(0x8000))) 
  17              //评估板上 MCU的A8 连接到 LD芯片的AD
  18              //         MCU的A14 连接到 LD芯片的CSB
  19              //         MCU的RD、WR 连接 LD芯片的RD、WR (xdata 读写时自动产生低信号)
  20              //
  21              //0x8100的二进制是10000001 00000000   CSB=0 AD=1
  22              //                 ^     ^
  23              //0x8000的二进制是10000000 00000000   CSB=0 AD=0
  24              //                 ^     ^    
  25              void LD_WriteReg( unsigned char address, unsigned char dataout )
  26              {
  27   1            LD_INDEX_PORT  = address;         
  28   1            LD_DATA_PORT = dataout;          
  29   1          }
  30              
  31              unsigned char LD_ReadReg( unsigned char address )
  32              {
  33   1            LD_INDEX_PORT = address;         
  34   1            return (unsigned char)LD_DATA_PORT;     
  35   1          }
  36          


MODULE INFORMATION:   STATIC OVERLAYABLE
   CODE SIZE        =     22    ----
   CONSTANT SIZE    =   ----    ----
   XDATA SIZE       =   ----    ----
   PDATA SIZE       =   ----    ----
   DATA SIZE        =   ----    ----
   IDATA SIZE       =   ----    ----
   BIT SIZE         =   ----    ----
END OF MODULE INFORMATION.


C51 COMPILATION COMPLETE.  0 WARNING(S),  0 ERROR(S)
